servicesPage.items.homeVisit.title
servicesPage.items.medicalCamps.title
teamPage.members.member1.name
teamPage.members.member2.name
teamPage.members.member3.name
teamPage.members.member4.name
teamPage.members.member5.name
teamPage.members.member6.name
caseStudyPage.items.case1.title
caseStudyPage.items.case2.title
caseStudyPage.items.case3.title
caseStudyPage.items.case4.title
caseStudyPage.items.case5.title
caseStudyPage.items.case6.title
homePage.heading
homePage.breadcrumb.home
homePage.breadcrumb.current
servicesPage.hero.description
blogPage.hero.description
caseStudyPage.hero.description
teamPage.hero.description
testimonialsPage.hero.description
imageGalleryPage.hero.description
videoGalleryPage.hero.description
pricingPage.hero.description
faqsPage.hero.description
contactPage.hero.description
bookAppointmentPage.hero.description
notFoundPage.hero.description